<?xml version="1.0" encoding="UTF-8"?>
<testsuites name="Advisor" time="23" tests="2" failures="0" errors="0">
   <testsuite name="Advisor" tests="2" failures="0" errors="0" time="23" timestamp="2018-05-02 15:47:12" hostname="slabutte - 200.200.200.12" id="Test Suites/Login/Advisor">
      <properties>
         <property name="deviceName" value=""/>
         <property name="devicePlatform" value=""/>
         <property name="logFolder" value="E:\\BAU\\Tickets\\SSRS Implementation\\Tests\\SSRS Test\\Reports\\Login\\Advisor\\20180502_154709"/>
         <property name="logFiles" value="E:\\BAU\\Tickets\\SSRS Implementation\\Tests\\SSRS Test\\Reports\\Login\\Advisor\\20180502_154709\\execution0.log"/>
         <property name="attachments" value=""/>
         <property name="hostName" value="slabutte - 200.200.200.12"/>
         <property name="os" value="Windows 10 64bit"/>
         <property name="katalonVersion" value="5.4.1.1"/>
         <property name="browser" value="Chrome 66.0.3359.139"/>
         <property name="hostAddress" value="200.200.200.12"/>
         <property name="sessionId" value="1bc428654cfb218e2474c38b8e6ac70d"/>
         <property name="seleniumVersion" value="3.7.1"/>
         <property name="proxyInformation" value="ProxyInformation{proxyOption=NO_PROXY, proxyServerType=HTTP, password=, proxyServerAddress=, proxyServerPort=0}"/>
         <property name="platform" value="Windows 10"/>
      </properties>
      <testcase name="Test Cases/Login" classname="Test Cases/Login" status="PASSED">
         <system-out><![CDATA[2018-05-02 15:47:12 - [TEST_CASE][PASSED] - Test Cases/Login: Test Cases/Login

2018-05-02 15:47:13 - [TEST_STEP][PASSED] - openBrowser: Browser is opened with url: 'http://s-iis-sit:8001/iTransact'

2018-05-02 15:47:25 - [MESSAGE][PASSED] - Browser is opened with url: 'http://s-iis-sit:8001/iTransact'

2018-05-02 15:47:25 - [TEST_STEP][PASSED] - setText: Text 'ITransAdmin' is set on object 'Object Repository/Login/txtUsername'

2018-05-02 15:47:25 - [MESSAGE][PASSED] - Text 'ITransAdmin' is set on object 'Object Repository/Login/txtUsername'

2018-05-02 15:47:25 - [TEST_STEP][PASSED] - setText: Text 'Password1' is set on object 'Object Repository/Login/txtPassword'

2018-05-02 15:47:25 - [MESSAGE][PASSED] - Text 'Password1' is set on object 'Object Repository/Login/txtPassword'

2018-05-02 15:47:25 - [TEST_STEP][PASSED] - check: Object 'Object Repository/Login/chkTnC' is checked

2018-05-02 15:47:26 - [MESSAGE][PASSED] - Object 'Object Repository/Login/chkTnC' is checked

2018-05-02 15:47:26 - [TEST_STEP][PASSED] - click: Object: 'Object Repository/Login/btnLogin' is clicked on

2018-05-02 15:47:26 - [MESSAGE][PASSED] - Object: 'Object Repository/Login/btnLogin' is clicked on]]></system-out>
         <system-err><![CDATA[]]></system-err>
      </testcase>
      <testcase name="Test Cases/Impersonate/Advisor" classname="Test Cases/Impersonate/Advisor" status="PASSED">
         <system-out><![CDATA[2018-05-02 15:47:26 - [TEST_CASE][PASSED] - Test Cases/Impersonate/Advisor: Test Cases/Impersonate/Advisor

2018-05-02 15:47:26 - [TEST_STEP][PASSED] - Statement - impUrl = com.kms.katalon.core.testdata.TestDataFactory.findTestData(Data).getValue(5, PID).toString().concat(com.kms.katalon.core.testdata.TestDataFactory.findTestData(Data).getValue(7, PID).toString()): Reading excel file with source file 'E:\BAU\Tickets\SSRS Implementation\Tests\SSRS Test\Data Files\Platforms.xlsx' and sheet name 'Credentials'

2018-05-02 15:47:26 - [TEST_STEP][PASSED] - navigateToUrl: Navigate to 'http://s-iis-sit:8001/ITransact/Pages/Admin/Member.aspx?username=JohnDown34' successfully

2018-05-02 15:47:29 - [MESSAGE][PASSED] - Navigate to 'http://s-iis-sit:8001/ITransact/Pages/Admin/Member.aspx?username=JohnDown34' successfully

2018-05-02 15:47:29 - [TEST_STEP][PASSED] - click: Object: 'Object Repository/Impersonate/btnAvatar' is clicked on

2018-05-02 15:47:35 - [MESSAGE][PASSED] - Object: 'Object Repository/Impersonate/btnAvatar' is clicked on]]></system-out>
         <system-err><![CDATA[]]></system-err>
      </testcase>
      <system-out><![CDATA[2018-05-02 15:47:12 - [TEST_SUITE][PASSED] - Advisor: Test Cases/Impersonate/Advisor]]></system-out>
      <system-err><![CDATA[]]></system-err>
   </testsuite>
</testsuites>
