<?xml version="1.0" encoding="UTF-8"?>
<testsuites name="Endowment Policy Summary" time="31" tests="2" failures="0" errors="1">
   <testsuite name="Endowment Policy Summary" tests="2" failures="0" errors="1" time="31" timestamp="2018-05-16 16:34:18" hostname="slabutte - 200.200.200.35" id="Test Suites/Reports/Investor/Endowment Policy Summary">
      <properties>
         <property name="deviceName" value=""/>
         <property name="devicePlatform" value=""/>
         <property name="logFolder" value="E:\\BAU\\Tickets\\SSRS Implementation\\Tests\\SSRS Test\\Reports\\Reports\\Investor\\Endowment Policy Summary\\20180516_163415"/>
         <property name="logFiles" value="E:\\BAU\\Tickets\\SSRS Implementation\\Tests\\SSRS Test\\Reports\\Reports\\Investor\\Endowment Policy Summary\\20180516_163415\\execution0.log"/>
         <property name="attachments" value=""/>
         <property name="hostName" value="slabutte - 200.200.200.35"/>
         <property name="os" value="Windows 10 64bit"/>
         <property name="katalonVersion" value="5.4.1.1"/>
         <property name="browser" value="Chrome 66.0.3359.181"/>
         <property name="hostAddress" value="200.200.200.35"/>
         <property name="sessionId" value="da170c81ee2f3dad658441b0e3f6e555"/>
         <property name="seleniumVersion" value="3.7.1"/>
         <property name="proxyInformation" value="ProxyInformation{proxyOption=NO_PROXY, proxyServerType=HTTP, password=, proxyServerAddress=, proxyServerPort=0}"/>
         <property name="platform" value="Windows 10"/>
      </properties>
      <testcase name="Test Cases/Login" classname="Test Cases/Login" status="PASSED">
         <system-out><![CDATA[2018-05-16 16:34:19 - [TEST_CASE][PASSED] - Test Cases/Login: Test Cases/Login

2018-05-16 16:34:19 - [TEST_STEP][PASSED] - Statement - URL = com.kms.katalon.core.testdata.TestDataFactory.findTestData(Platform).getValue(2, PID): Reading excel file with source file 'E:\BAU\Tickets\SSRS Implementation\Tests\SSRS Test\Data Files\Platforms.xlsx' and sheet name 'Platform'

2018-05-16 16:34:20 - [TEST_STEP][PASSED] - openBrowser: Browser is opened with url: 'https://ssrs.aos.nabla/iTransact'

2018-05-16 16:34:34 - [MESSAGE][PASSED] - Browser is opened with url: 'https://ssrs.aos.nabla/iTransact'

2018-05-16 16:34:34 - [TEST_STEP][PASSED] - setText: Text 'ITransAdmin' is set on object 'Object Repository/Login/txt_Username'

2018-05-16 16:34:34 - [MESSAGE][PASSED] - Text 'ITransAdmin' is set on object 'Object Repository/Login/txt_Username'

2018-05-16 16:34:34 - [TEST_STEP][PASSED] - setText: Text 'Password1' is set on object 'Object Repository/Login/txt_Password'

2018-05-16 16:34:34 - [MESSAGE][PASSED] - Text 'Password1' is set on object 'Object Repository/Login/txt_Password'

2018-05-16 16:34:34 - [TEST_STEP][PASSED] - check: Object 'Object Repository/Login/chk_TnC' is checked

2018-05-16 16:34:35 - [MESSAGE][PASSED] - Object 'Object Repository/Login/chk_TnC' is checked

2018-05-16 16:34:35 - [TEST_STEP][PASSED] - click: Object: 'Object Repository/Login/btn_Login' is clicked on

2018-05-16 16:34:35 - [MESSAGE][PASSED] - Object: 'Object Repository/Login/btn_Login' is clicked on

2018-05-16 16:34:35 - [TEST_STEP][PASSED] - data.Wait.forUrlChange: data.Wait.forUrlChange is PASSED

2018-05-16 16:34:35 - [MESSAGE][PASSED] - Current window's url is: 'https://ssrs.aos.nabla/ITRANSACT/Pages/Guest/DynamicViewer.aspx?pid=19'

2018-05-16 16:34:35 - [MESSAGE][PASSED] - Current window's url is: 'https://ssrs.aos.nabla/ITRANSACT/Pages/Guest/DynamicViewer.aspx?pid=19'

2018-05-16 16:34:38 - [MESSAGE][PASSED] - Current window's url is: 'https://ssrs.aos.nabla/ITransact/Pages/Admin/Default.aspx'

2018-05-16 16:34:38 - [MESSAGE][PASSED] - data.Wait.forUrlChange is PASSED]]></system-out>
         <system-err><![CDATA[]]></system-err>
      </testcase>
      <testcase name="Test Cases/Impersonate/Investor" classname="Test Cases/Impersonate/Investor" status="PASSED">
         <system-out><![CDATA[2018-05-16 16:34:38 - [TEST_CASE][PASSED] - Test Cases/Impersonate/Investor: Test Cases/Impersonate/Investor

2018-05-16 16:34:38 - [TEST_STEP][PASSED] - Statement - If (Username.equals("")): Reading excel file with source file 'E:\BAU\Tickets\SSRS Implementation\Tests\SSRS Test\Data Files\Platforms.xlsx' and sheet name 'Platform'

2018-05-16 16:34:38 - [TEST_STEP][PASSED] - Statement - Username = com.kms.katalon.core.testdata.TestDataFactory.findTestData(Platform).getValue(6, PID): Reading excel file with source file 'E:\BAU\Tickets\SSRS Implementation\Tests\SSRS Test\Data Files\Platforms.xlsx' and sheet name 'Platform'

2018-05-16 16:34:39 - [TEST_STEP][PASSED] - navigateToUrl: Navigate to 'https://ssrs.aos.nabla/iTransact/Pages/Admin/Member.aspx?username=TestInvestor007' successfully

2018-05-16 16:34:42 - [MESSAGE][PASSED] - Navigate to 'https://ssrs.aos.nabla/iTransact/Pages/Admin/Member.aspx?username=TestInvestor007' successfully

2018-05-16 16:34:42 - [TEST_STEP][PASSED] - click: Object: 'Object Repository/Impersonate/btn_Avatar' is clicked on

2018-05-16 16:34:46 - [MESSAGE][PASSED] - Object: 'Object Repository/Impersonate/btn_Avatar' is clicked on]]></system-out>
         <system-err><![CDATA[]]></system-err>
      </testcase>
      <testcase name="Test Cases/Reports/Investor/Endowment Policy Summary" classname="Test Cases/Reports/Investor/Endowment Policy Summary" status="ERROR">
         <error type="ERROR" message="Test Cases/Reports/Investor/Endowment Policy Summary FAILED because (of) java.lang.ClassNotFoundException: data.SetDate"/>
         <system-out><![CDATA[2018-05-16 16:34:46 - [TEST_CASE][ERROR] - Test Cases/Reports/Investor/Endowment Policy Summary: Test Cases/Reports/Investor/Endowment Policy Summary FAILED because (of) java.lang.ClassNotFoundException: data.SetDate

2018-05-16 16:34:46 - [TEST_STEP][PASSED] - navigateToUrl: Navigate to 'https://ssrs.aos.nabla/iTransact/Pages/Investors/Reports.aspx' successfully

2018-05-16 16:34:50 - [MESSAGE][PASSED] - Navigate to 'https://ssrs.aos.nabla/iTransact/Pages/Investors/Reports.aspx' successfully

2018-05-16 16:34:50 - [TEST_STEP][PASSED] - click: Object: 'Object Repository/Reports/Investor/lnk_Endowment Policy Summary' is clicked on

2018-05-16 16:34:50 - [MESSAGE][PASSED] - Object: 'Object Repository/Reports/Investor/lnk_Endowment Policy Summary' is clicked on

2018-05-16 16:34:50 - [TEST_STEP][ERROR] - data.SetDate.FromText: data.SetDate

2018-05-16 16:34:50 - [MESSAGE][ERROR] - data.SetDate]]></system-out>
         <system-err><![CDATA[2018-05-16 16:34:46 - [TEST_CASE][ERROR] - Test Cases/Reports/Investor/Endowment Policy Summary: Test Cases/Reports/Investor/Endowment Policy Summary FAILED because (of) java.lang.ClassNotFoundException: data.SetDate]]></system-err>
      </testcase>
      <system-out><![CDATA[2018-05-16 16:34:18 - [TEST_SUITE][ERROR] - Endowment Policy Summary: Test Cases/Reports/Investor/Endowment Policy Summary FAILED because (of) java.lang.ClassNotFoundException: data.SetDate]]></system-out>
      <system-err><![CDATA[2018-05-16 16:34:18 - [TEST_SUITE][ERROR] - Endowment Policy Summary: Test Cases/Reports/Investor/Endowment Policy Summary FAILED because (of) java.lang.ClassNotFoundException: data.SetDate]]></system-err>
   </testsuite>
</testsuites>
