<?xml version="1.0" encoding="UTF-8"?>
<testsuites name="Investor" time="17" tests="2" failures="0" errors="0">
   <testsuite name="Investor" tests="2" failures="0" errors="0" time="17" timestamp="2018-05-02 15:11:39" hostname="slabutte - 200.200.200.12" id="Test Suites/Login/Investor">
      <properties>
         <property name="deviceName" value=""/>
         <property name="devicePlatform" value=""/>
         <property name="logFolder" value="E:\\BAU\\Tickets\\SSRS Implementation\\Tests\\SSRS Test\\Reports\\Login\\Investor\\20180502_151136"/>
         <property name="logFiles" value="E:\\BAU\\Tickets\\SSRS Implementation\\Tests\\SSRS Test\\Reports\\Login\\Investor\\20180502_151136\\execution0.log"/>
         <property name="attachments" value=""/>
         <property name="hostName" value="slabutte - 200.200.200.12"/>
         <property name="os" value="Windows 10 64bit"/>
         <property name="katalonVersion" value="5.4.1.1"/>
         <property name="browser" value="Chrome 66.0.3359.139"/>
         <property name="hostAddress" value="200.200.200.12"/>
         <property name="sessionId" value="a3731ec9401d95987ac5d3dc322fa0b7"/>
         <property name="seleniumVersion" value="3.7.1"/>
         <property name="proxyInformation" value="ProxyInformation{proxyOption=NO_PROXY, proxyServerType=HTTP, password=, proxyServerAddress=, proxyServerPort=0}"/>
         <property name="platform" value="Windows 10"/>
      </properties>
      <testcase name="Test Cases/Login" classname="Test Cases/Login" status="PASSED">
         <system-out><![CDATA[2018-05-02 15:11:39 - [TEST_CASE][PASSED] - Test Cases/Login: Test Cases/Login

2018-05-02 15:11:40 - [TEST_STEP][PASSED] - openBrowser: Browser is opened with url: 'http://s-iis-sit:8001/iTransact'

2018-05-02 15:11:52 - [MESSAGE][PASSED] - Browser is opened with url: 'http://s-iis-sit:8001/iTransact'

2018-05-02 15:11:52 - [TEST_STEP][PASSED] - setText: Text 'ITransAdmin' is set on object 'Object Repository/Login/txtUsername'

2018-05-02 15:11:52 - [MESSAGE][PASSED] - Text 'ITransAdmin' is set on object 'Object Repository/Login/txtUsername'

2018-05-02 15:11:52 - [TEST_STEP][PASSED] - setText: Text 'Password1' is set on object 'Object Repository/Login/txtPassword'

2018-05-02 15:11:53 - [MESSAGE][PASSED] - Text 'Password1' is set on object 'Object Repository/Login/txtPassword'

2018-05-02 15:11:53 - [TEST_STEP][PASSED] - check: Object 'Object Repository/Login/chkTnC' is checked

2018-05-02 15:11:53 - [MESSAGE][PASSED] - Object 'Object Repository/Login/chkTnC' is checked

2018-05-02 15:11:53 - [TEST_STEP][PASSED] - click: Object: 'Object Repository/Login/btnLogin' is clicked on

2018-05-02 15:11:53 - [MESSAGE][PASSED] - Object: 'Object Repository/Login/btnLogin' is clicked on]]></system-out>
         <system-err><![CDATA[]]></system-err>
      </testcase>
      <testcase name="Test Cases/Impersonate/Investor" classname="Test Cases/Impersonate/Investor" status="PASSED">
         <system-out><![CDATA[2018-05-02 15:11:53 - [TEST_CASE][PASSED] - Test Cases/Impersonate/Investor: Test Cases/Impersonate/Investor

2018-05-02 15:11:53 - [TEST_STEP][PASSED] - navigateToUrl: Navigate to 'http://s-iis-sit:8001/ITransact/Pages/Admin/Member.aspx?username=Logitech1' successfully

2018-05-02 15:11:56 - [MESSAGE][PASSED] - Navigate to 'http://s-iis-sit:8001/ITransact/Pages/Admin/Member.aspx?username=Logitech1' successfully]]></system-out>
         <system-err><![CDATA[]]></system-err>
      </testcase>
      <system-out><![CDATA[2018-05-02 15:11:39 - [TEST_SUITE][PASSED] - Investor: Test Cases/Impersonate/Investor]]></system-out>
      <system-err><![CDATA[]]></system-err>
   </testsuite>
</testsuites>
