<?xml version="1.0" encoding="UTF-8"?>
<testsuites name="Admin" time="16" tests="1" failures="0" errors="0">
   <testsuite name="Admin" tests="1" failures="0" errors="0" time="16" timestamp="2018-05-02 15:44:55" hostname="slabutte - 200.200.200.12" id="Test Suites/Login/Admin">
      <properties>
         <property name="deviceName" value=""/>
         <property name="devicePlatform" value=""/>
         <property name="logFolder" value="E:\\BAU\\Tickets\\SSRS Implementation\\Tests\\SSRS Test\\Reports\\Login\\Admin\\20180502_154453"/>
         <property name="logFiles" value="E:\\BAU\\Tickets\\SSRS Implementation\\Tests\\SSRS Test\\Reports\\Login\\Admin\\20180502_154453\\execution0.log"/>
         <property name="attachments" value=""/>
         <property name="hostName" value="slabutte - 200.200.200.12"/>
         <property name="os" value="Windows 10 64bit"/>
         <property name="katalonVersion" value="5.4.1.1"/>
         <property name="browser" value="Chrome 66.0.3359.139"/>
         <property name="hostAddress" value="200.200.200.12"/>
         <property name="sessionId" value="2d7db51302fe1b3d5b764d8055d8b1b6"/>
         <property name="seleniumVersion" value="3.7.1"/>
         <property name="proxyInformation" value="ProxyInformation{proxyOption=NO_PROXY, proxyServerType=HTTP, password=, proxyServerAddress=, proxyServerPort=0}"/>
         <property name="platform" value="Windows 10"/>
      </properties>
      <testcase name="Test Cases/Login" classname="Test Cases/Login" status="PASSED">
         <system-out><![CDATA[2018-05-02 15:44:56 - [TEST_CASE][PASSED] - Test Cases/Login: Test Cases/Login

2018-05-02 15:44:56 - [TEST_STEP][PASSED] - openBrowser: Browser is opened with url: 'http://s-iis-uat/iTransact'

2018-05-02 15:45:11 - [MESSAGE][PASSED] - Browser is opened with url: 'http://s-iis-uat/iTransact'

2018-05-02 15:45:11 - [TEST_STEP][PASSED] - setText: Text 'DemoAdmin' is set on object 'Object Repository/Login/txtUsername'

2018-05-02 15:45:12 - [MESSAGE][PASSED] - Text 'DemoAdmin' is set on object 'Object Repository/Login/txtUsername'

2018-05-02 15:45:12 - [TEST_STEP][PASSED] - setText: Text 'Password1' is set on object 'Object Repository/Login/txtPassword'

2018-05-02 15:45:12 - [MESSAGE][PASSED] - Text 'Password1' is set on object 'Object Repository/Login/txtPassword'

2018-05-02 15:45:12 - [TEST_STEP][PASSED] - check: Object 'Object Repository/Login/chkTnC' is checked

2018-05-02 15:45:12 - [MESSAGE][PASSED] - Object 'Object Repository/Login/chkTnC' is checked

2018-05-02 15:45:12 - [TEST_STEP][PASSED] - click: Object: 'Object Repository/Login/btnLogin' is clicked on

2018-05-02 15:45:12 - [MESSAGE][PASSED] - Object: 'Object Repository/Login/btnLogin' is clicked on]]></system-out>
         <system-err><![CDATA[]]></system-err>
      </testcase>
      <system-out><![CDATA[2018-05-02 15:44:55 - [TEST_SUITE][PASSED] - Admin: Test Cases/Login]]></system-out>
      <system-err><![CDATA[]]></system-err>
   </testsuite>
</testsuites>
