<?xml version="1.0" encoding="UTF-8"?>
<testsuites name="Investor" time="26" tests="2" failures="0" errors="0">
   <testsuite name="Investor" tests="2" failures="0" errors="0" time="26" timestamp="2018-05-02 15:42:01" hostname="slabutte - 200.200.200.12" id="Test Suites/Login/Investor">
      <properties>
         <property name="deviceName" value=""/>
         <property name="devicePlatform" value=""/>
         <property name="logFolder" value="E:\\BAU\\Tickets\\SSRS Implementation\\Tests\\SSRS Test\\Reports\\Login\\Investor\\20180502_154158"/>
         <property name="logFiles" value="E:\\BAU\\Tickets\\SSRS Implementation\\Tests\\SSRS Test\\Reports\\Login\\Investor\\20180502_154158\\execution0.log"/>
         <property name="attachments" value=""/>
         <property name="hostName" value="slabutte - 200.200.200.12"/>
         <property name="os" value="Windows 10 64bit"/>
         <property name="katalonVersion" value="5.4.1.1"/>
         <property name="browser" value="Chrome 66.0.3359.139"/>
         <property name="hostAddress" value="200.200.200.12"/>
         <property name="sessionId" value="c88ef03071eca592543ef69ee132b9a6"/>
         <property name="seleniumVersion" value="3.7.1"/>
         <property name="proxyInformation" value="ProxyInformation{proxyOption=NO_PROXY, proxyServerType=HTTP, password=, proxyServerAddress=, proxyServerPort=0}"/>
         <property name="platform" value="Windows 10"/>
      </properties>
      <testcase name="Test Cases/Login" classname="Test Cases/Login" status="PASSED">
         <system-out><![CDATA[2018-05-02 15:42:01 - [TEST_CASE][PASSED] - Test Cases/Login: Test Cases/Login

2018-05-02 15:42:02 - [TEST_STEP][PASSED] - openBrowser: Browser is opened with url: 'http://s-iis-uat/iTransact'

2018-05-02 15:42:17 - [MESSAGE][PASSED] - Browser is opened with url: 'http://s-iis-uat/iTransact'

2018-05-02 15:42:17 - [TEST_STEP][PASSED] - setText: Text 'DemoAdmin' is set on object 'Object Repository/Login/txtUsername'

2018-05-02 15:42:17 - [MESSAGE][PASSED] - Text 'DemoAdmin' is set on object 'Object Repository/Login/txtUsername'

2018-05-02 15:42:17 - [TEST_STEP][PASSED] - setText: Text 'Password1' is set on object 'Object Repository/Login/txtPassword'

2018-05-02 15:42:17 - [MESSAGE][PASSED] - Text 'Password1' is set on object 'Object Repository/Login/txtPassword'

2018-05-02 15:42:17 - [TEST_STEP][PASSED] - check: Object 'Object Repository/Login/chkTnC' is checked

2018-05-02 15:42:18 - [MESSAGE][PASSED] - Object 'Object Repository/Login/chkTnC' is checked

2018-05-02 15:42:18 - [TEST_STEP][PASSED] - click: Object: 'Object Repository/Login/btnLogin' is clicked on

2018-05-02 15:42:18 - [MESSAGE][PASSED] - Object: 'Object Repository/Login/btnLogin' is clicked on]]></system-out>
         <system-err><![CDATA[]]></system-err>
      </testcase>
      <testcase name="Test Cases/Impersonate/Investor" classname="Test Cases/Impersonate/Investor" status="PASSED">
         <system-out><![CDATA[2018-05-02 15:42:18 - [TEST_CASE][PASSED] - Test Cases/Impersonate/Investor: Test Cases/Impersonate/Investor

2018-05-02 15:42:18 - [TEST_STEP][PASSED] - Statement - impUrl = com.kms.katalon.core.testdata.TestDataFactory.findTestData(Data).getValue(5, PID).toString().concat(com.kms.katalon.core.testdata.TestDataFactory.findTestData(Data).getValue(6, PID).toString()): Reading excel file with source file 'E:\BAU\Tickets\SSRS Implementation\Tests\SSRS Test\Data Files\Platforms.xlsx' and sheet name 'Credentials'

2018-05-02 15:42:18 - [TEST_STEP][PASSED] - navigateToUrl: Navigate to 'http://s-iis-uat/ITransact/Pages/Admin/Member.aspx?username=Maggie77' successfully

2018-05-02 15:42:24 - [MESSAGE][PASSED] - Navigate to 'http://s-iis-uat/ITransact/Pages/Admin/Member.aspx?username=Maggie77' successfully

2018-05-02 15:42:24 - [TEST_STEP][PASSED] - click: Object: 'Object Repository/Impersonate/btnAvatar' is clicked on

2018-05-02 15:42:27 - [MESSAGE][PASSED] - Object: 'Object Repository/Impersonate/btnAvatar' is clicked on]]></system-out>
         <system-err><![CDATA[]]></system-err>
      </testcase>
      <system-out><![CDATA[2018-05-02 15:42:01 - [TEST_SUITE][PASSED] - Investor: Test Cases/Impersonate/Investor]]></system-out>
      <system-err><![CDATA[]]></system-err>
   </testsuite>
</testsuites>
